<?xml version="1.0" encoding="UTF-8"?>
<testsuite name="com.sch.tests.OpenAppTests" tests="2" skipped="2" failures="0" errors="0" timestamp="2020-11-09T12:06:37" hostname="LAPTOP-I6GGBKHC" time="0.003">
  <properties/>
  <testcase name="checkThatCreatedEventsArePresentTest" classname="com.sch.tests.OpenAppTests" time="0.0">
    <skipped/>
  </testcase>
  <testcase name="testLaunchTest" classname="com.sch.tests.OpenAppTests" time="0.0">
    <skipped/>
  </testcase>
  <system-out><![CDATA[14:06:37 [Test worker] ERROR com.sch.tests.TestBase - FAILED: Test method checkThatCreatedEventsArePresentTest
14:06:37 [Test worker] ERROR com.sch.tests.TestBase - FAILED: Test method testLaunchTest
]]></system-out>
  <system-err><![CDATA[]]></system-err>
</testsuite>
